<?xml version="1.0" encoding="UTF-8"?>
<testsuite xmlns:xsi="http://www.w3.org/2001/XMLSchema-instance" xsi:schemaLocation="https://maven.apache.org/surefire/maven-surefire-plugin/xsd/surefire-test-report.xsd" name="io.kloudformation.YamlTagTest" time="0.036" tests="3" errors="0" skipped="0" failures="0">
  <properties>
[...]
</properties>
  <testcase name="should convert bang GetAtt string to FnGetAtt" classname="io.kloudformation.YamlTagTest" time="0.03"/>
  <testcase name="should convert bang GetAtt array to FnGetAtt" classname="io.kloudformation.YamlTagTest" time="0.003"/>
  <testcase name="should convert bang Ref to Ref" classname="io.kloudformation.YamlTagTest" time="0.002"/>
</testsuite>